2022-10-01 15:09:07,792 INFO [main] o.a.n.b.NotificationServiceManager Successfully loaded the following 0 services: []
2022-10-01 15:09:07,801 INFO [main] org.apache.nifi.bootstrap.RunNiFi Registered no Notification Services for Notification Type NIFI_STARTED
2022-10-01 15:09:07,802 INFO [main] org.apache.nifi.bootstrap.RunNiFi Registered no Notification Services for Notification Type NIFI_STOPPED
2022-10-01 15:09:07,803 INFO [main] org.apache.nifi.bootstrap.RunNiFi Registered no Notification Services for Notification Type NIFI_DIED
2022-10-01 15:09:07,812 INFO [main] org.apache.nifi.bootstrap.RunNiFi Runtime Java version: 1.8.0_292
2022-10-01 15:09:07,838 INFO [main] org.apache.nifi.bootstrap.Command Starting Apache NiFi...
2022-10-01 15:09:07,839 INFO [main] org.apache.nifi.bootstrap.Command Working Directory: /opt/nifi/nifi-current
2022-10-01 15:09:07,841 INFO [main] org.apache.nifi.bootstrap.Command Command: /usr/local/openjdk-8/bin/java -classpath /opt/nifi/nifi-current/./conf:/opt/nifi/nifi-current/./lib/logback-core-1.2.3.jar:/opt/nifi/nifi-current/./lib/nifi-framework-api-1.14.0.jar:/opt/nifi/nifi-current/./lib/nifi-runtime-1.14.0.jar:/opt/nifi/nifi-current/./lib/javax.servlet-api-3.1.0.jar:/opt/nifi/nifi-current/./lib/log4j-over-slf4j-1.7.30.jar:/opt/nifi/nifi-current/./lib/nifi-property-utils-1.14.0.jar:/opt/nifi/nifi-current/./lib/nifi-api-1.14.0.jar:/opt/nifi/nifi-current/./lib/jul-to-slf4j-1.7.30.jar:/opt/nifi/nifi-current/./lib/nifi-nar-utils-1.14.0.jar:/opt/nifi/nifi-current/./lib/jcl-over-slf4j-1.7.30.jar:/opt/nifi/nifi-current/./lib/nifi-stateless-bootstrap-1.14.0.jar:/opt/nifi/nifi-current/./lib/logback-classic-1.2.3.jar:/opt/nifi/nifi-current/./lib/nifi-server-api-1.14.0.jar:/opt/nifi/nifi-current/./lib/jetty-schemas-3.1.jar:/opt/nifi/nifi-current/./lib/slf4j-api-1.7.30.jar:/opt/nifi/nifi-current/./lib/nifi-stateless-api-1.14.0.jar:/opt/nifi/nifi-current/./lib/nifi-properties-1.14.0.jar -Dorg.apache.jasper.compiler.disablejsr199=true -Xmx512m -Xms512m -Dcurator-log-only-first-connection-issue-as-error-level=true -Djavax.security.auth.useSubjectCredsOnly=true -Djava.security.egd=file:/dev/urandom -Dzookeeper.admin.enableServer=false -Dsun.net.http.allowRestrictedHeaders=true -Djava.net.preferIPv4Stack=true -Djava.awt.headless=true -Djava.protocol.handler.pkgs=sun.net.www.protocol -Dnifi.properties.file.path=/opt/nifi/nifi-current/./conf/nifi.properties -Dnifi.bootstrap.listen.port=41261 -Dapp=NiFi -Dorg.apache.nifi.bootstrap.config.log.dir=/opt/nifi/nifi-current/logs org.apache.nifi.NiFi 
2022-10-01 15:09:08,087 INFO [main] org.apache.nifi.bootstrap.Command Launched Apache NiFi with Process ID 90
2022-10-01 15:09:09,396 INFO [NiFi Bootstrap Command Listener] org.apache.nifi.bootstrap.RunNiFi Apache NiFi now running and listening for Bootstrap requests on port 44043
2022-10-01 15:09:52,489 INFO [main] o.a.n.b.NotificationServiceManager Successfully loaded the following 0 services: []
2022-10-01 15:09:52,494 INFO [main] org.apache.nifi.bootstrap.RunNiFi Registered no Notification Services for Notification Type NIFI_STARTED
2022-10-01 15:09:52,495 INFO [main] org.apache.nifi.bootstrap.RunNiFi Registered no Notification Services for Notification Type NIFI_STOPPED
2022-10-01 15:09:52,495 INFO [main] org.apache.nifi.bootstrap.RunNiFi Registered no Notification Services for Notification Type NIFI_DIED
2022-10-01 15:09:52,598 INFO [main] org.apache.nifi.bootstrap.Command Apache NiFi has accepted the Shutdown Command and is shutting down now
2022-10-01 15:09:52,642 INFO [main] org.apache.nifi.bootstrap.Command Waiting for Apache NiFi to finish shutting down...
2022-10-01 15:09:54,645 INFO [main] org.apache.nifi.bootstrap.Command Waiting for Apache NiFi to finish shutting down...
2022-10-01 15:09:56,648 INFO [main] org.apache.nifi.bootstrap.Command Waiting for Apache NiFi to finish shutting down...
2022-10-01 15:09:58,651 INFO [main] org.apache.nifi.bootstrap.Command Waiting for Apache NiFi to finish shutting down...
2022-10-01 15:10:00,655 INFO [main] org.apache.nifi.bootstrap.Command Waiting for Apache NiFi to finish shutting down...
2022-10-01 15:10:02,659 INFO [main] org.apache.nifi.bootstrap.Command Waiting for Apache NiFi to finish shutting down...
2022-10-01 15:10:23,071 INFO [main] o.a.n.b.NotificationServiceManager Successfully loaded the following 0 services: []
2022-10-01 15:10:23,077 INFO [main] org.apache.nifi.bootstrap.RunNiFi Registered no Notification Services for Notification Type NIFI_STARTED
2022-10-01 15:10:23,078 INFO [main] org.apache.nifi.bootstrap.RunNiFi Registered no Notification Services for Notification Type NIFI_STOPPED
2022-10-01 15:10:23,078 INFO [main] org.apache.nifi.bootstrap.RunNiFi Registered no Notification Services for Notification Type NIFI_DIED
2022-10-01 15:10:23,085 INFO [main] org.apache.nifi.bootstrap.RunNiFi Runtime Java version: 1.8.0_292
2022-10-01 15:10:23,106 INFO [main] org.apache.nifi.bootstrap.Command Starting Apache NiFi...
2022-10-01 15:10:23,106 INFO [main] org.apache.nifi.bootstrap.Command Working Directory: /opt/nifi/nifi-current
2022-10-01 15:10:23,107 INFO [main] org.apache.nifi.bootstrap.Command Command: /usr/local/openjdk-8/bin/java -classpath /opt/nifi/nifi-current/./conf:/opt/nifi/nifi-current/./lib/logback-core-1.2.3.jar:/opt/nifi/nifi-current/./lib/nifi-framework-api-1.14.0.jar:/opt/nifi/nifi-current/./lib/nifi-runtime-1.14.0.jar:/opt/nifi/nifi-current/./lib/javax.servlet-api-3.1.0.jar:/opt/nifi/nifi-current/./lib/log4j-over-slf4j-1.7.30.jar:/opt/nifi/nifi-current/./lib/nifi-property-utils-1.14.0.jar:/opt/nifi/nifi-current/./lib/nifi-api-1.14.0.jar:/opt/nifi/nifi-current/./lib/jul-to-slf4j-1.7.30.jar:/opt/nifi/nifi-current/./lib/nifi-nar-utils-1.14.0.jar:/opt/nifi/nifi-current/./lib/jcl-over-slf4j-1.7.30.jar:/opt/nifi/nifi-current/./lib/nifi-stateless-bootstrap-1.14.0.jar:/opt/nifi/nifi-current/./lib/logback-classic-1.2.3.jar:/opt/nifi/nifi-current/./lib/nifi-server-api-1.14.0.jar:/opt/nifi/nifi-current/./lib/jetty-schemas-3.1.jar:/opt/nifi/nifi-current/./lib/slf4j-api-1.7.30.jar:/opt/nifi/nifi-current/./lib/nifi-stateless-api-1.14.0.jar:/opt/nifi/nifi-current/./lib/nifi-properties-1.14.0.jar -Dorg.apache.jasper.compiler.disablejsr199=true -Xmx512m -Xms512m -Dcurator-log-only-first-connection-issue-as-error-level=true -Djavax.security.auth.useSubjectCredsOnly=true -Djava.security.egd=file:/dev/urandom -Dzookeeper.admin.enableServer=false -Dsun.net.http.allowRestrictedHeaders=true -Djava.net.preferIPv4Stack=true -Djava.awt.headless=true -Djava.protocol.handler.pkgs=sun.net.www.protocol -Dnifi.properties.file.path=/opt/nifi/nifi-current/./conf/nifi.properties -Dnifi.bootstrap.listen.port=33111 -Dapp=NiFi -Dorg.apache.nifi.bootstrap.config.log.dir=/opt/nifi/nifi-current/logs org.apache.nifi.NiFi 
2022-10-01 15:10:23,416 INFO [main] org.apache.nifi.bootstrap.Command Launched Apache NiFi with Process ID 91
2022-10-01 15:10:24,466 INFO [NiFi Bootstrap Command Listener] org.apache.nifi.bootstrap.RunNiFi Apache NiFi now running and listening for Bootstrap requests on port 38155
2022-10-01 15:23:46,452 INFO [main] o.a.n.b.NotificationServiceManager Successfully loaded the following 0 services: []
2022-10-01 15:23:46,463 INFO [main] org.apache.nifi.bootstrap.RunNiFi Registered no Notification Services for Notification Type NIFI_STARTED
2022-10-01 15:23:46,464 INFO [main] org.apache.nifi.bootstrap.RunNiFi Registered no Notification Services for Notification Type NIFI_STOPPED
2022-10-01 15:23:46,464 INFO [main] org.apache.nifi.bootstrap.RunNiFi Registered no Notification Services for Notification Type NIFI_DIED
2022-10-01 15:23:46,491 INFO [main] org.apache.nifi.bootstrap.Command Apache NiFi has accepted the Shutdown Command and is shutting down now
2022-10-01 15:23:46,582 INFO [main] org.apache.nifi.bootstrap.Command Waiting for Apache NiFi to finish shutting down...
2022-10-01 15:23:48,593 INFO [main] org.apache.nifi.bootstrap.Command Waiting for Apache NiFi to finish shutting down...
2022-10-01 15:23:50,597 INFO [main] org.apache.nifi.bootstrap.Command Waiting for Apache NiFi to finish shutting down...
2022-10-01 15:23:55,263 INFO [main] org.apache.nifi.bootstrap.Command Waiting for Apache NiFi to finish shutting down...
2022-10-01 15:23:57,211 INFO [main] org.apache.nifi.bootstrap.RunNiFi A shutdown was initiated. Will not restart NiFi
2022-10-01 15:23:57,268 INFO [main] org.apache.nifi.bootstrap.Command NiFi has finished shutting down.
2022-10-01 15:33:41,408 INFO [main] o.a.n.b.NotificationServiceManager Successfully loaded the following 0 services: []
2022-10-01 15:33:41,413 INFO [main] org.apache.nifi.bootstrap.RunNiFi Registered no Notification Services for Notification Type NIFI_STARTED
2022-10-01 15:33:41,413 INFO [main] org.apache.nifi.bootstrap.RunNiFi Registered no Notification Services for Notification Type NIFI_STOPPED
2022-10-01 15:33:41,413 INFO [main] org.apache.nifi.bootstrap.RunNiFi Registered no Notification Services for Notification Type NIFI_DIED
2022-10-01 15:33:41,420 INFO [main] org.apache.nifi.bootstrap.RunNiFi Runtime Java version: 1.8.0_292
2022-10-01 15:33:41,438 INFO [main] org.apache.nifi.bootstrap.Command Starting Apache NiFi...
2022-10-01 15:33:41,440 INFO [main] org.apache.nifi.bootstrap.Command Working Directory: /opt/nifi/nifi-current
2022-10-01 15:33:41,441 INFO [main] org.apache.nifi.bootstrap.Command Command: /usr/local/openjdk-8/bin/java -classpath /opt/nifi/nifi-current/./conf:/opt/nifi/nifi-current/./lib/logback-core-1.2.3.jar:/opt/nifi/nifi-current/./lib/nifi-framework-api-1.14.0.jar:/opt/nifi/nifi-current/./lib/nifi-runtime-1.14.0.jar:/opt/nifi/nifi-current/./lib/javax.servlet-api-3.1.0.jar:/opt/nifi/nifi-current/./lib/log4j-over-slf4j-1.7.30.jar:/opt/nifi/nifi-current/./lib/nifi-property-utils-1.14.0.jar:/opt/nifi/nifi-current/./lib/nifi-api-1.14.0.jar:/opt/nifi/nifi-current/./lib/jul-to-slf4j-1.7.30.jar:/opt/nifi/nifi-current/./lib/nifi-nar-utils-1.14.0.jar:/opt/nifi/nifi-current/./lib/jcl-over-slf4j-1.7.30.jar:/opt/nifi/nifi-current/./lib/nifi-stateless-bootstrap-1.14.0.jar:/opt/nifi/nifi-current/./lib/logback-classic-1.2.3.jar:/opt/nifi/nifi-current/./lib/nifi-server-api-1.14.0.jar:/opt/nifi/nifi-current/./lib/jetty-schemas-3.1.jar:/opt/nifi/nifi-current/./lib/slf4j-api-1.7.30.jar:/opt/nifi/nifi-current/./lib/nifi-stateless-api-1.14.0.jar:/opt/nifi/nifi-current/./lib/nifi-properties-1.14.0.jar -Dorg.apache.jasper.compiler.disablejsr199=true -Xmx512m -Xms512m -Dcurator-log-only-first-connection-issue-as-error-level=true -Djavax.security.auth.useSubjectCredsOnly=true -Djava.security.egd=file:/dev/urandom -Dzookeeper.admin.enableServer=false -Dsun.net.http.allowRestrictedHeaders=true -Djava.net.preferIPv4Stack=true -Djava.awt.headless=true -Djava.protocol.handler.pkgs=sun.net.www.protocol -Dnifi.properties.file.path=/opt/nifi/nifi-current/./conf/nifi.properties -Dnifi.bootstrap.listen.port=45035 -Dapp=NiFi -Dorg.apache.nifi.bootstrap.config.log.dir=/opt/nifi/nifi-current/logs org.apache.nifi.NiFi 
2022-10-01 15:33:41,918 INFO [main] org.apache.nifi.bootstrap.Command Launched Apache NiFi with Process ID 90
2022-10-01 15:33:42,815 INFO [NiFi Bootstrap Command Listener] org.apache.nifi.bootstrap.RunNiFi Apache NiFi now running and listening for Bootstrap requests on port 36725
2022-10-01 15:34:41,821 INFO [main] o.a.n.b.NotificationServiceManager Successfully loaded the following 0 services: []
2022-10-01 15:34:41,826 INFO [main] org.apache.nifi.bootstrap.RunNiFi Registered no Notification Services for Notification Type NIFI_STARTED
2022-10-01 15:34:41,826 INFO [main] org.apache.nifi.bootstrap.RunNiFi Registered no Notification Services for Notification Type NIFI_STOPPED
2022-10-01 15:34:41,827 INFO [main] org.apache.nifi.bootstrap.RunNiFi Registered no Notification Services for Notification Type NIFI_DIED
2022-10-01 15:34:41,842 INFO [main] org.apache.nifi.bootstrap.Command Apache NiFi has accepted the Shutdown Command and is shutting down now
2022-10-01 15:34:41,931 INFO [main] org.apache.nifi.bootstrap.Command Waiting for Apache NiFi to finish shutting down...
2022-10-01 15:34:43,936 INFO [main] org.apache.nifi.bootstrap.Command Waiting for Apache NiFi to finish shutting down...
2022-10-01 15:34:46,381 INFO [main] org.apache.nifi.bootstrap.Command Waiting for Apache NiFi to finish shutting down...
2022-10-01 15:35:03,585 INFO [main] o.a.n.b.NotificationServiceManager Successfully loaded the following 0 services: []
2022-10-01 15:35:03,590 INFO [main] org.apache.nifi.bootstrap.RunNiFi Registered no Notification Services for Notification Type NIFI_STARTED
2022-10-01 15:35:03,591 INFO [main] org.apache.nifi.bootstrap.RunNiFi Registered no Notification Services for Notification Type NIFI_STOPPED
2022-10-01 15:35:03,591 INFO [main] org.apache.nifi.bootstrap.RunNiFi Registered no Notification Services for Notification Type NIFI_DIED
2022-10-01 15:35:03,664 INFO [main] org.apache.nifi.bootstrap.RunNiFi Runtime Java version: 1.8.0_292
2022-10-01 15:35:03,673 INFO [main] org.apache.nifi.bootstrap.Command Starting Apache NiFi...
2022-10-01 15:35:03,674 INFO [main] org.apache.nifi.bootstrap.Command Working Directory: /opt/nifi/nifi-current
2022-10-01 15:35:03,674 INFO [main] org.apache.nifi.bootstrap.Command Command: /usr/local/openjdk-8/bin/java -classpath /opt/nifi/nifi-current/./conf:/opt/nifi/nifi-current/./lib/logback-core-1.2.3.jar:/opt/nifi/nifi-current/./lib/nifi-framework-api-1.14.0.jar:/opt/nifi/nifi-current/./lib/nifi-runtime-1.14.0.jar:/opt/nifi/nifi-current/./lib/javax.servlet-api-3.1.0.jar:/opt/nifi/nifi-current/./lib/log4j-over-slf4j-1.7.30.jar:/opt/nifi/nifi-current/./lib/nifi-property-utils-1.14.0.jar:/opt/nifi/nifi-current/./lib/nifi-api-1.14.0.jar:/opt/nifi/nifi-current/./lib/jul-to-slf4j-1.7.30.jar:/opt/nifi/nifi-current/./lib/nifi-nar-utils-1.14.0.jar:/opt/nifi/nifi-current/./lib/jcl-over-slf4j-1.7.30.jar:/opt/nifi/nifi-current/./lib/nifi-stateless-bootstrap-1.14.0.jar:/opt/nifi/nifi-current/./lib/logback-classic-1.2.3.jar:/opt/nifi/nifi-current/./lib/nifi-server-api-1.14.0.jar:/opt/nifi/nifi-current/./lib/jetty-schemas-3.1.jar:/opt/nifi/nifi-current/./lib/slf4j-api-1.7.30.jar:/opt/nifi/nifi-current/./lib/nifi-stateless-api-1.14.0.jar:/opt/nifi/nifi-current/./lib/nifi-properties-1.14.0.jar -Dorg.apache.jasper.compiler.disablejsr199=true -Xmx512m -Xms512m -Dcurator-log-only-first-connection-issue-as-error-level=true -Djavax.security.auth.useSubjectCredsOnly=true -Djava.security.egd=file:/dev/urandom -Dzookeeper.admin.enableServer=false -Dsun.net.http.allowRestrictedHeaders=true -Djava.net.preferIPv4Stack=true -Djava.awt.headless=true -Djava.protocol.handler.pkgs=sun.net.www.protocol -Dnifi.properties.file.path=/opt/nifi/nifi-current/./conf/nifi.properties -Dnifi.bootstrap.listen.port=33145 -Dapp=NiFi -Dorg.apache.nifi.bootstrap.config.log.dir=/opt/nifi/nifi-current/logs org.apache.nifi.NiFi 
2022-10-01 15:35:03,811 INFO [main] org.apache.nifi.bootstrap.Command Launched Apache NiFi with Process ID 92
2022-10-01 15:35:04,832 INFO [NiFi Bootstrap Command Listener] org.apache.nifi.bootstrap.RunNiFi Apache NiFi now running and listening for Bootstrap requests on port 39651
2022-10-01 15:58:44,493 INFO [main] o.a.n.b.NotificationServiceManager Successfully loaded the following 0 services: []
2022-10-01 15:58:44,499 INFO [main] org.apache.nifi.bootstrap.RunNiFi Registered no Notification Services for Notification Type NIFI_STARTED
2022-10-01 15:58:44,499 INFO [main] org.apache.nifi.bootstrap.RunNiFi Registered no Notification Services for Notification Type NIFI_STOPPED
2022-10-01 15:58:44,500 INFO [main] org.apache.nifi.bootstrap.RunNiFi Registered no Notification Services for Notification Type NIFI_DIED
2022-10-01 15:58:44,546 INFO [main] org.apache.nifi.bootstrap.Command Apache NiFi has accepted the Shutdown Command and is shutting down now
2022-10-01 15:58:44,622 INFO [main] org.apache.nifi.bootstrap.Command Waiting for Apache NiFi to finish shutting down...
2022-10-01 15:58:46,631 INFO [main] org.apache.nifi.bootstrap.Command Waiting for Apache NiFi to finish shutting down...
2022-10-01 15:58:48,634 INFO [main] org.apache.nifi.bootstrap.Command Waiting for Apache NiFi to finish shutting down...
2022-10-01 15:58:49,198 INFO [main] org.apache.nifi.bootstrap.RunNiFi A shutdown was initiated. Will not restart NiFi
2022-10-01 15:58:50,638 INFO [main] org.apache.nifi.bootstrap.Command NiFi has finished shutting down.
